# JRE version: Java(TM) SE Runtime Environment (8.0_92-b14) (build 1.8.0_92-b14)
# Java VM: Java HotSpot(TM) 64-Bit Server VM (25.92-b14 mixed mode windows-amd64 compressed oops)
Heap:
 PSYoungGen      total 73728K, used 52865K [0x00000000f5580000, 0x00000000faa80000, 0x0000000100000000)
  eden space 62464K, 68% used [0x00000000f5580000,0x00000000f7f3fad0,0x00000000f9280000)
  from space 11264K, 89% used [0x00000000f9f80000,0x00000000fa960ca0,0x00000000faa80000)
  to   space 12288K, 0% used [0x00000000f9280000,0x00000000f9280000,0x00000000f9e80000)
 ParOldGen       total 175104K, used 7203K [0x00000000e0000000, 0x00000000eab00000, 0x00000000f5580000)
  object space 175104K, 4% used [0x00000000e0000000,0x00000000e0708f70,0x00000000eab00000)
 Metaspace       used 34260K, capacity 35302K, committed 35456K, reserved 1079296K
  class space    used 4835K, capacity 5132K, committed 5248K, reserved 1048576K
GC Heap History (10 events):
Event: 129.309 GC heap before
{Heap before GC invocations=3 (full 0):
 PSYoungGen      total 76288K, used 75067K [0x00000000f5580000, 0x00000000faa80000, 0x0000000100000000)
  eden space 65536K, 100% used [0x00000000f5580000,0x00000000f9580000,0x00000000f9580000)
  from space 10752K, 88% used [0x00000000fa000000,0x00000000fa94ef08,0x00000000faa80000)
  to   space 10752K, 0% used [0x00000000f9580000,0x00000000f9580000,0x00000000fa000000)
 ParOldGen       total 175104K, used 24K [0x00000000e0000000, 0x00000000eab00000, 0x00000000f5580000)
  object space 175104K, 0% used [0x00000000e0000000,0x00000000e0006000,0x00000000eab00000)
 Metaspace       used 20059K, capacity 20590K, committed 20736K, reserved 1067008K
  class space    used 2887K, capacity 3051K, committed 3072K, reserved 1048576K
Event: 129.321 GC heap after
Heap after GC invocations=3 (full 0):
 PSYoungGen      total 76288K, used 10722K [0x00000000f5580000, 0x00000000faa80000, 0x0000000100000000)
  eden space 65536K, 0% used [0x00000000f5580000,0x00000000f5580000,0x00000000f9580000)
  from space 10752K, 99% used [0x00000000f9580000,0x00000000f9ff8bf8,0x00000000fa000000)
  to   space 10752K, 0% used [0x00000000fa000000,0x00000000fa000000,0x00000000faa80000)
 ParOldGen       total 175104K, used 415K [0x00000000e0000000, 0x00000000eab00000, 0x00000000f5580000)
  object space 175104K, 0% used [0x00000000e0000000,0x00000000e0067c40,0x00000000eab00000)
 Metaspace       used 20059K, capacity 20590K, committed 20736K, reserved 1067008K
  class space    used 2887K, capacity 3051K, committed 3072K, reserved 1048576K
}
Event: 132.538 GC heap before
{Heap before GC invocations=4 (full 0):
 PSYoungGen      total 76288K, used 25054K [0x00000000f5580000, 0x00000000faa80000, 0x0000000100000000)
  eden space 65536K, 21% used [0x00000000f5580000,0x00000000f637ede0,0x00000000f9580000)
  from space 10752K, 99% used [0x00000000f9580000,0x00000000f9ff8bf8,0x00000000fa000000)
  to   space 10752K, 0% used [0x00000000fa000000,0x00000000fa000000,0x00000000faa80000)
 ParOldGen       total 175104K, used 415K [0x00000000e0000000, 0x00000000eab00000, 0x00000000f5580000)
  object space 175104K, 0% used [0x00000000e0000000,0x00000000e0067c40,0x00000000eab00000)
 Metaspace       used 20717K, capacity 21290K, committed 21296K, reserved 1067008K
  class space    used 2998K, capacity 3195K, committed 3200K, reserved 1048576K
Event: 132.583 GC heap after
Heap after GC invocations=4 (full 0):
 PSYoungGen      total 76288K, used 7353K [0x00000000f5580000, 0x00000000faa80000, 0x0000000100000000)
  eden space 65536K, 0% used [0x00000000f5580000,0x00000000f5580000,0x00000000f9580000)
  from space 10752K, 68% used [0x00000000fa000000,0x00000000fa72e740,0x00000000faa80000)
  to   space 10752K, 0% used [0x00000000f9580000,0x00000000f9580000,0x00000000fa000000)
 ParOldGen       total 175104K, used 423K [0x00000000e0000000, 0x00000000eab00000, 0x00000000f5580000)
  object space 175104K, 0% used [0x00000000e0000000,0x00000000e0069c40,0x00000000eab00000)
 Metaspace       used 20717K, capacity 21290K, committed 21296K, reserved 1067008K
  class space    used 2998K, capacity 3195K, committed 3200K, reserved 1048576K
}
Event: 132.583 GC heap before
{Heap before GC invocations=5 (full 1):
 PSYoungGen      total 76288K, used 7353K [0x00000000f5580000, 0x00000000faa80000, 0x0000000100000000)
  eden space 65536K, 0% used [0x00000000f5580000,0x00000000f5580000,0x00000000f9580000)
  from space 10752K, 68% used [0x00000000fa000000,0x00000000fa72e740,0x00000000faa80000)
  to   space 10752K, 0% used [0x00000000f9580000,0x00000000f9580000,0x00000000fa000000)
 ParOldGen       total 175104K, used 423K [0x00000000e0000000, 0x00000000eab00000, 0x00000000f5580000)
  object space 175104K, 0% used [0x00000000e0000000,0x00000000e0069c40,0x00000000eab00000)
 Metaspace       used 20717K, capacity 21290K, committed 21296K, reserved 1067008K
  class space    used 2998K, capacity 3195K, committed 3200K, reserved 1048576K
Event: 132.738 GC heap after
Heap after GC invocations=5 (full 1):
 PSYoungGen      total 76288K, used 0K [0x00000000f5580000, 0x00000000faa80000, 0x0000000100000000)
  eden space 65536K, 0% used [0x00000000f5580000,0x00000000f5580000,0x00000000f9580000)
  from space 10752K, 0% used [0x00000000fa000000,0x00000000fa000000,0x00000000faa80000)
  to   space 10752K, 0% used [0x00000000f9580000,0x00000000f9580000,0x00000000fa000000)
 ParOldGen       total 175104K, used 7187K [0x00000000e0000000, 0x00000000eab00000, 0x00000000f5580000)
  object space 175104K, 4% used [0x00000000e0000000,0x00000000e0704f70,0x00000000eab00000)
 Metaspace       used 20717K, capacity 21290K, committed 21296K, reserved 1067008K
  class space    used 2998K, capacity 3195K, committed 3200K, reserved 1048576K
}
Event: 191.413 GC heap before
{Heap before GC invocations=6 (full 1):
 PSYoungGen      total 76288K, used 65536K [0x00000000f5580000, 0x00000000faa80000, 0x0000000100000000)
  eden space 65536K, 100% used [0x00000000f5580000,0x00000000f9580000,0x00000000f9580000)
  from space 10752K, 0% used [0x00000000fa000000,0x00000000fa000000,0x00000000faa80000)
  to   space 10752K, 0% used [0x00000000f9580000,0x00000000f9580000,0x00000000fa000000)
 ParOldGen       total 175104K, used 7187K [0x00000000e0000000, 0x00000000eab00000, 0x00000000f5580000)
  object space 175104K, 4% used [0x00000000e0000000,0x00000000e0704f70,0x00000000eab00000)
 Metaspace       used 29202K, capacity 29852K, committed 30080K, reserved 1075200K
  class space    used 4011K, capacity 4199K, committed 4224K, reserved 1048576K
Event: 191.434 GC heap after
Heap after GC invocations=6 (full 1):
 PSYoungGen      total 72704K, used 8450K [0x00000000f5580000, 0x00000000fab00000, 0x0000000100000000)
  eden space 64000K, 0% used [0x00000000f5580000,0x00000000f5580000,0x00000000f9400000)
  from space 8704K, 97% used [0x00000000f9580000,0x00000000f9dc0af0,0x00000000f9e00000)
  to   space 11776K, 0% used [0x00000000f9f80000,0x00000000f9f80000,0x00000000fab00000)
 ParOldGen       total 175104K, used 7195K [0x00000000e0000000, 0x00000000eab00000, 0x00000000f5580000)
  object space 175104K, 4% used [0x00000000e0000000,0x00000000e0706f70,0x00000000eab00000)
 Metaspace       used 29202K, capacity 29852K, committed 30080K, reserved 1075200K
  class space    used 4011K, capacity 4199K, committed 4224K, reserved 1048576K
}
Event: 210.010 GC heap before
{Heap before GC invocations=7 (full 1):
 PSYoungGen      total 72704K, used 72450K [0x00000000f5580000, 0x00000000fab00000, 0x0000000100000000)
  eden space 64000K, 100% used [0x00000000f5580000,0x00000000f9400000,0x00000000f9400000)
  from space 8704K, 97% used [0x00000000f9580000,0x00000000f9dc0af0,0x00000000f9e00000)
  to   space 11776K, 0% used [0x00000000f9f80000,0x00000000f9f80000,0x00000000fab00000)
 ParOldGen       total 175104K, used 7195K [0x00000000e0000000, 0x00000000eab00000, 0x00000000f5580000)
  object space 175104K, 4% used [0x00000000e0000000,0x00000000e0706f70,0x00000000eab00000)
 Metaspace       used 32133K, capacity 32988K, committed 33280K, reserved 1077248K
  class space    used 4511K, capacity 4783K, committed 4864K, reserved 1048576K
Event: 210.061 GC heap after
Heap after GC invocations=7 (full 1):
 PSYoungGen      total 73728K, used 10115K [0x00000000f5580000, 0x00000000faa80000, 0x0000000100000000)
  eden space 62464K, 0% used [0x00000000f5580000,0x00000000f5580000,0x00000000f9280000)
  from space 11264K, 89% used [0x00000000f9f80000,0x00000000fa960ca0,0x00000000faa80000)
  to   space 12288K, 0% used [0x00000000f9280000,0x00000000f9280000,0x00000000f9e80000)
 ParOldGen       total 175104K, used 7203K [0x00000000e0000000, 0x00000000eab00000, 0x00000000f5580000)
  object space 175104K, 4% used [0x00000000e0000000,0x00000000e0708f70,0x00000000eab00000)
 Metaspace       used 32133K, capacity 32988K, committed 33280K, reserved 1077248K
  class space    used 4511K, capacity 4783K, committed 4864K, reserved 1048576K
}

